Determining if the pthread_create exist failed with the following output:
Change Dir: /home/barry/Work/Development/Projects/MRL/Open62541Cpp/examples/OpcService/build/CMakeFiles/CMakeTmp

Run Build Command:"/usr/bin/make" "cmTC_67c93/fast"
/usr/bin/make -f CMakeFiles/cmTC_67c93.dir/build.make CMakeFiles/cmTC_67c93.dir/build
make[1]: Entering directory '/home/barry/Work/Development/Projects/MRL/Open62541Cpp/examples/OpcService/build/CMakeFiles/CMakeTmp'
Building C object CMakeFiles/cmTC_67c93.dir/CheckSymbolExists.c.o
/usr/bin/cc    -o CMakeFiles/cmTC_67c93.dir/CheckSymbolExists.c.o   -c /home/barry/Work/Development/Projects/MRL/Open62541Cpp/examples/OpcService/build/CMakeFiles/CMakeTmp/CheckSymbolExists.c
Linking C executable cmTC_67c93
/usr/local/bin/cmake -E cmake_link_script CMakeFiles/cmTC_67c93.dir/link.txt --verbose=1
/usr/bin/cc      CMakeFiles/cmTC_67c93.dir/CheckSymbolExists.c.o  -o cmTC_67c93 
CMakeFiles/cmTC_67c93.dir/CheckSymbolExists.c.o: In function `main':
CheckSymbolExists.c:(.text+0x1b): undefined reference to `pthread_create'
collect2: error: ld returned 1 exit status
CMakeFiles/cmTC_67c93.dir/build.make:86: recipe for target 'cmTC_67c93' failed
make[1]: *** [cmTC_67c93] Error 1
make[1]: Leaving directory '/home/barry/Work/Development/Projects/MRL/Open62541Cpp/examples/OpcService/build/CMakeFiles/CMakeTmp'
Makefile:126: recipe for target 'cmTC_67c93/fast' failed
make: *** [cmTC_67c93/fast] Error 2

File /home/barry/Work/Development/Projects/MRL/Open62541Cpp/examples/OpcService/build/CMakeFiles/CMakeTmp/CheckSymbolExists.c:
/* */
#include <pthread.h>

int main(int argc, char** argv)
{
  (void)argv;
#ifndef pthread_create
  return ((int*)(&pthread_create))[argc];
#else
  (void)argc;
  return 0;
#endif
}

Determining if the function pthread_create exists in the pthreads failed with the following output:
Change Dir: /home/barry/Work/Development/Projects/MRL/Open62541Cpp/examples/OpcService/build/CMakeFiles/CMakeTmp

Run Build Command:"/usr/bin/make" "cmTC_b54e9/fast"
/usr/bin/make -f CMakeFiles/cmTC_b54e9.dir/build.make CMakeFiles/cmTC_b54e9.dir/build
make[1]: Entering directory '/home/barry/Work/Development/Projects/MRL/Open62541Cpp/examples/OpcService/build/CMakeFiles/CMakeTmp'
Building C object CMakeFiles/cmTC_b54e9.dir/CheckFunctionExists.c.o
/usr/bin/cc   -DCHECK_FUNCTION_EXISTS=pthread_create   -o CMakeFiles/cmTC_b54e9.dir/CheckFunctionExists.c.o   -c /usr/local/share/cmake-3.11/Modules/CheckFunctionExists.c
Linking C executable cmTC_b54e9
/usr/local/bin/cmake -E cmake_link_script CMakeFiles/cmTC_b54e9.dir/link.txt --verbose=1
/usr/bin/cc  -DCHECK_FUNCTION_EXISTS=pthread_create    CMakeFiles/cmTC_b54e9.dir/CheckFunctionExists.c.o  -o cmTC_b54e9 -lpthreads 
/usr/bin/ld: cannot find -lpthreads
collect2: error: ld returned 1 exit status
CMakeFiles/cmTC_b54e9.dir/build.make:86: recipe for target 'cmTC_b54e9' failed
make[1]: *** [cmTC_b54e9] Error 1
make[1]: Leaving directory '/home/barry/Work/Development/Projects/MRL/Open62541Cpp/examples/OpcService/build/CMakeFiles/CMakeTmp'
Makefile:126: recipe for target 'cmTC_b54e9/fast' failed
make: *** [cmTC_b54e9/fast] Error 2


